<?xml version="1.0" encoding="UTF-8"?>
<!-- Generated by org.testng.reporters.JUnitReportReporter -->
<testsuite skipped="0" hostname="INBGQT-LT-0295" name="com.tests.Test_HomePage" tests="2" failures="0" timestamp="04 Jul 2018 10:03:22 GMT" time="12.559" errors="0">
  <testcase name="DashboardPageTest" time="8.086" classname="com.tests.Test_HomePage"/>
  <testcase name="LoginPageTest" time="4.473" classname="com.tests.Test_HomePage"/>
</testsuite> <!-- com.tests.Test_HomePage -->
