<?xml version="1.0" encoding="UTF-8"?>
<!-- Generated by org.testng.reporters.JUnitReportReporter -->
<testsuite skipped="0" hostname="INBGQT-LT-0295" name="com.tests.TestRunner" tests="4" failures="0" timestamp="06 Jul 2018 12:13:56 GMT" time="73.498" errors="0">
  <testcase name="logInNlogOutTest" time="8.185" classname="com.tests.TestRunner"/>
  <testcase name="logInNlogOutTest" time="22.094" classname="com.tests.TestRunner"/>
  <testcase name="logInNlogOutTest" time="21.819" classname="com.tests.TestRunner"/>
  <testcase name="logInNlogOutTest" time="21.400" classname="com.tests.TestRunner"/>
</testsuite> <!-- com.tests.TestRunner -->
