<?xml version="1.0" encoding="UTF-8"?>
<!-- Generated by org.testng.reporters.JUnitReportReporter -->
<testsuite skipped="0" hostname="INBGQT-LT-0295" name="com.tests.TestRunner" tests="7" failures="0"
           timestamp="09 Nov 2018 07:24:48 GMT" time="125.273" errors="0">
    <testcase name="logInNlogOutTest" time="22.538" classname="com.tests.TestRunner"/>
    <testcase name="logInNlogOutTest" time="7.829" classname="com.tests.TestRunner"/>
    <testcase name="logInNlogOutTest" time="21.655" classname="com.tests.TestRunner"/>
    <testcase name="logInNlogOutTest" time="22.484" classname="com.tests.TestRunner"/>
    <testcase name="LoginPageTest" time="22.399" classname="com.tests.TestRunner"/>
    <testcase name="LoginPageTest" time="5.487" classname="com.tests.TestRunner"/>
    <testcase name="LoginPageTest" time="22.881" classname="com.tests.TestRunner"/>
</testsuite> <!-- com.tests.TestRunner -->
